["2023-09-17T01:13:47.919", "DEBUG", "root", "load_file", 356, "Reading file: /etc/os-release", {}]
["2023-09-17T01:13:47.940", "DEBUG", "root", "load_file", 356, "Reading file: /proc/version_signature", {}]
["2023-09-17T01:13:47.940", "WARNING", "root", "get_kernel_info", 66, "failed to process /proc/version_signature.", {}]
["2023-09-17T01:13:47.941", "WARNING", "root", "get_kernel_info", 71, "Failed to parse kernel: 5.15.90.1-microsoft-standard-WSL2", {}]
["2023-09-17T01:13:47.956", "DEBUG", "root", "load_file", 356, "Reading file: /var/lib/ubuntu-advantage/private/machine-token.json", {}]
["2023-09-17T01:13:47.973", "DEBUG", "uaclient.files.files", "read", 55, "File does not exist: /var/lib/ubuntu-advantage/private/machine-token.json", {}]
["2023-09-17T01:13:48.053", "DEBUG", "root", "load_file", 356, "Reading file: /var/lib/ubuntu-advantage/status.json", {}]
["2023-09-17T01:13:48.054", "DEBUG", "root", "read_cache", 478, "File does not exist: /var/lib/ubuntu-advantage/status.json", {}]
["2023-09-17T01:13:48.054", "DEBUG", "root", "load_file", 356, "Reading file: /var/lib/ubuntu-advantage/private/machine-token.json", {}]
["2023-09-17T01:13:48.054", "DEBUG", "uaclient.files.files", "read", 55, "File does not exist: /var/lib/ubuntu-advantage/private/machine-token.json", {}]
["2023-09-17T01:13:48.056", "DEBUG", "root", "readurl", 312, "URL [GET]: https://contracts.canonical.com/v1/resources?architecture=amd64&kernel=5.15.90.1-microsoft-standard-WSL2&series=jammy&virt=wsl, headers: {'accept': 'application/json', 'content-type': 'application/json', 'user-agent': 'UA-Client/27.14.4~22.04'}, data: None", {}]
["2023-09-17T01:13:50.145", "DEBUG", "root", "readurl", 341, "URL [GET] response: https://contracts.canonical.com/v1/resources?architecture=amd64&kernel=5.15.90.1-microsoft-standard-WSL2&series=jammy&virt=wsl, headers: {'Cache-Control': 'no-store, max-age=0', 'Connection': 'close', 'Content-Length': '839', 'Content-Type': 'application/json', 'Date': 'Sun, 17 Sep 2023 00:13:50 GMT', 'Server': 'openresty/1.15.8.2', 'Strict-Transport-Security': 'max-age=15724800; includeSubDomains', 'Vary': 'Accept-Encoding', 'X-Trace-Id': 'bd761432-7cf4-459e-9b64-4b950847d15f'}, data: {'resources': [{'available': True, 'name': 'anbox-cloud'}, {'available': True, 'name': 'anbox-images'}, {'available': True, 'name': 'cc'}, {'available': False, 'name': 'cc-eal'}, {'available': True, 'name': 'cis', 'presentedAs': 'usg'}, {'available': False, 'name': 'esm'}, {'available': True, 'name': 'esm-apps'}, {'available': False, 'name': 'esm-apps-python'}, {'available': True, 'name': 'esm-infra'}, {'available': False, 'name': 'esm-python'}, {'available': False, 'name': 'esm-ros'}, {'available': False, 'name': 'fips'}, {'available': False, 'name': 'fips-preview'}, {'available': False, 'name': 'fips-updates'}, {'available': False, 'name': 'landscape'}, {'available': True, 'name': 'livepatch'}, {'available': True, 'name': 'livepatch-onprem'}, {'available': True, 'name': 'realtime-kernel'}, {'available': False, 'name': 'ros'}, {'available': False, 'name': 'ros-updates'}, {'available': True, 'name': 'support'}]}", {}]
["2023-09-17T01:13:50.160", "DEBUG", "uaclient.status", "_unattached_status", 258, "Ignoring availability of unknown service anbox-cloud from contract server\n", {}]
["2023-09-17T01:13:50.161", "DEBUG", "uaclient.status", "_unattached_status", 258, "Ignoring availability of unknown service anbox-images from contract server\n", {}]
["2023-09-17T01:13:50.161", "DEBUG", "uaclient.status", "_unattached_status", 258, "Ignoring availability of unknown service cc from contract server\n", {}]
["2023-09-17T01:13:50.162", "DEBUG", "uaclient.status", "_unattached_status", 258, "Ignoring availability of unknown service esm from contract server\n", {}]
["2023-09-17T01:13:50.162", "DEBUG", "uaclient.status", "_unattached_status", 258, "Ignoring availability of unknown service esm-apps-python from contract server\n", {}]
["2023-09-17T01:13:50.166", "DEBUG", "uaclient.status", "_unattached_status", 258, "Ignoring availability of unknown service esm-python from contract server\n", {}]
["2023-09-17T01:13:50.168", "DEBUG", "uaclient.status", "_unattached_status", 258, "Ignoring availability of unknown service esm-ros from contract server\n", {}]
["2023-09-17T01:13:50.169", "DEBUG", "uaclient.status", "_unattached_status", 258, "Ignoring availability of unknown service fips-preview from contract server\n", {}]
["2023-09-17T01:13:50.170", "DEBUG", "uaclient.status", "_unattached_status", 258, "Ignoring availability of unknown service landscape from contract server\n", {}]
["2023-09-17T01:13:50.170", "DEBUG", "root", "status", 118, "canonical-livepatch is not installed", {}]
["2023-09-17T01:13:50.171", "WARNING", "root", "on_supported_kernel", 296, "unable to determine enough kernel information to check livepatch support", {}]
["2023-09-17T01:13:50.171", "DEBUG", "uaclient.status", "_unattached_status", 258, "Ignoring availability of unknown service livepatch-onprem from contract server\n", {}]
["2023-09-17T01:13:50.172", "DEBUG", "uaclient.status", "_unattached_status", 258, "Ignoring availability of unknown service support from contract server\n", {}]
["2023-09-17T01:13:50.174", "DEBUG", "root", "write_file", 382, "Writing file /var/lib/ubuntu-advantage/status.json atomically via tempfile /var/lib/ubuntu-advantage/tmp74thox4i", {}]
["2023-09-17T01:13:50.177", "DEBUG", "root", "load_file", 356, "Reading file: /var/lib/ubuntu-advantage/private/machine-token.json", {}]
["2023-09-17T01:13:50.178", "DEBUG", "uaclient.files.files", "read", 55, "File does not exist: /var/lib/ubuntu-advantage/private/machine-token.json", {}]
["2023-09-17T01:13:50.181", "DEBUG", "root", "write_file", 382, "Writing file /var/lib/ubuntu-advantage/apt-esm/etc/apt/sources.list.d/ubuntu-esm-apps.list atomically via tempfile /var/lib/ubuntu-advantage/apt-esm/etc/apt/sources.list.d/tmphrn4zy36", {}]
["2023-09-17T01:13:50.182", "DEBUG", "root", "export_gpg_key", 18, "Exporting GPG key /usr/share/keyrings/ubuntu-advantage-esm-apps.gpg", {}]
["2023-09-17T01:13:55.613", "DEBUG", "root", "load_file", 356, "Reading file: /run/ubuntu-advantage//aptnews.json", {}]
["2023-09-17T01:13:55.624", "DEBUG", "root", "select_message", 151, "msg dates don't apply: AptNewsMessage{'begin': datetime.datetime(2023, 8, 3, 0, 0, tzinfo=datetime.timezone.utc), 'end': None, 'selectors': None, 'lines': ['You can verify the status of security fixes using the `pro fix` command.', 'E.g., a recent Ruby vulnerability can be checked with: `pro fix USN-6219-1`', 'For more detail see: https://ubuntu.com/security/notices/USN-6219-1']}", {}]
["2023-09-17T01:13:55.625", "DEBUG", "root", "fetch_and_process_apt_news", 178, "using msg: None", {}]
["2023-09-18T09:07:23.636", "DEBUG", "root", "load_file", 356, "Reading file: /etc/os-release", {}]
["2023-09-18T09:07:23.646", "DEBUG", "root", "load_file", 356, "Reading file: /proc/version_signature", {}]
["2023-09-18T09:07:23.701", "DEBUG", "root", "load_file", 356, "Reading file: /var/lib/ubuntu-advantage/private/machine-token.json", {}]
["2023-09-18T09:07:23.716", "DEBUG", "uaclient.files.files", "read", 55, "File does not exist: /var/lib/ubuntu-advantage/private/machine-token.json", {}]
["2023-09-18T09:07:23.653", "WARNING", "root", "get_kernel_info", 66, "failed to process /proc/version_signature.", {}]
["2023-09-18T09:07:23.798", "WARNING", "root", "get_kernel_info", 71, "Failed to parse kernel: 5.15.90.1-microsoft-standard-WSL2", {}]
["2023-09-18T09:07:24.568", "DEBUG", "root", "load_file", 356, "Reading file: /var/lib/ubuntu-advantage/status.json", {}]
["2023-09-18T09:07:24.584", "DEBUG", "root", "load_file", 356, "Reading file: /var/lib/ubuntu-advantage/private/machine-token.json", {}]
["2023-09-18T09:07:24.584", "DEBUG", "uaclient.files.files", "read", 55, "File does not exist: /var/lib/ubuntu-advantage/private/machine-token.json", {}]
["2023-09-18T09:07:38.018", "DEBUG", "root", "load_file", 356, "Reading file: /run/ubuntu-advantage//aptnews.json", {}]
["2023-09-18T09:07:38.148", "DEBUG", "root", "select_message", 151, "msg dates don't apply: AptNewsMessage{'begin': datetime.datetime(2023, 8, 3, 0, 0, tzinfo=datetime.timezone.utc), 'end': None, 'selectors': None, 'lines': ['You can verify the status of security fixes using the `pro fix` command.', 'E.g., a recent Ruby vulnerability can be checked with: `pro fix USN-6219-1`', 'For more detail see: https://ubuntu.com/security/notices/USN-6219-1']}", {}]
["2023-09-18T09:07:38.149", "DEBUG", "root", "fetch_and_process_apt_news", 178, "using msg: None", {}]
["2023-09-19T14:15:51.621", "DEBUG", "root", "load_file", 356, "Reading file: /etc/os-release", {}]
["2023-09-19T14:15:51.663", "DEBUG", "root", "load_file", 356, "Reading file: /proc/version_signature", {}]
["2023-09-19T14:15:51.664", "WARNING", "root", "get_kernel_info", 66, "failed to process /proc/version_signature.", {}]
["2023-09-19T14:15:51.666", "WARNING", "root", "get_kernel_info", 71, "Failed to parse kernel: 5.15.90.1-microsoft-standard-WSL2", {}]
["2023-09-19T14:15:51.712", "DEBUG", "root", "load_file", 356, "Reading file: /var/lib/ubuntu-advantage/private/machine-token.json", {}]
["2023-09-19T14:15:51.721", "DEBUG", "uaclient.files.files", "read", 55, "File does not exist: /var/lib/ubuntu-advantage/private/machine-token.json", {}]
["2023-09-19T14:15:51.855", "DEBUG", "root", "load_file", 356, "Reading file: /var/lib/ubuntu-advantage/status.json", {}]
["2023-09-19T14:15:51.881", "DEBUG", "root", "load_file", 356, "Reading file: /var/lib/ubuntu-advantage/private/machine-token.json", {}]
["2023-09-19T14:15:51.882", "DEBUG", "uaclient.files.files", "read", 55, "File does not exist: /var/lib/ubuntu-advantage/private/machine-token.json", {}]
["2023-09-19T14:15:53.127", "DEBUG", "root", "load_file", 356, "Reading file: /run/ubuntu-advantage//aptnews.json", {}]
["2023-09-19T14:15:53.159", "DEBUG", "root", "select_message", 151, "msg dates don't apply: AptNewsMessage{'begin': datetime.datetime(2023, 8, 3, 0, 0, tzinfo=datetime.timezone.utc), 'end': None, 'selectors': None, 'lines': ['You can verify the status of security fixes using the `pro fix` command.', 'E.g., a recent Ruby vulnerability can be checked with: `pro fix USN-6219-1`', 'For more detail see: https://ubuntu.com/security/notices/USN-6219-1']}", {}]
["2023-09-19T14:15:53.162", "DEBUG", "root", "fetch_and_process_apt_news", 178, "using msg: None", {}]
["2023-09-20T09:45:00.941", "DEBUG", "root", "load_file", 356, "Reading file: /etc/os-release", {}]
["2023-09-20T09:45:00.959", "DEBUG", "root", "load_file", 356, "Reading file: /proc/version_signature", {}]
["2023-09-20T09:45:00.959", "WARNING", "root", "get_kernel_info", 66, "failed to process /proc/version_signature.", {}]
["2023-09-20T09:45:00.960", "WARNING", "root", "get_kernel_info", 71, "Failed to parse kernel: 5.15.90.1-microsoft-standard-WSL2", {}]
["2023-09-20T09:45:00.985", "DEBUG", "root", "load_file", 356, "Reading file: /var/lib/ubuntu-advantage/private/machine-token.json", {}]
["2023-09-20T09:45:00.989", "DEBUG", "uaclient.files.files", "read", 55, "File does not exist: /var/lib/ubuntu-advantage/private/machine-token.json", {}]
["2023-09-20T09:45:01.019", "DEBUG", "root", "load_file", 356, "Reading file: /var/lib/ubuntu-advantage/status.json", {}]
["2023-09-20T09:45:01.053", "DEBUG", "root", "load_file", 356, "Reading file: /var/lib/ubuntu-advantage/private/machine-token.json", {}]
["2023-09-20T09:45:01.053", "DEBUG", "uaclient.files.files", "read", 55, "File does not exist: /var/lib/ubuntu-advantage/private/machine-token.json", {}]
["2023-09-20T09:46:28.117", "DEBUG", "root", "load_file", 356, "Reading file: /run/ubuntu-advantage//aptnews.json", {}]
["2023-09-20T09:46:28.120", "DEBUG", "root", "fetch_and_process_apt_news", 185, "something went wrong while processing apt_news: FileNotFoundError(2, 'No such file or directory')", {}]
["2023-09-20T09:47:41.654", "WARNING", "root", "update_esm_caches", 744, "Failed to fetch the ESM Apt Cache", {}]
["2023-09-20T09:51:35.937", "DEBUG", "root", "load_file", 356, "Reading file: /etc/os-release", {}]
["2023-09-20T09:51:35.942", "DEBUG", "root", "load_file", 356, "Reading file: /proc/version_signature", {}]
["2023-09-20T09:51:35.942", "WARNING", "root", "get_kernel_info", 66, "failed to process /proc/version_signature.", {}]
["2023-09-20T09:51:35.944", "WARNING", "root", "get_kernel_info", 71, "Failed to parse kernel: 5.15.90.1-microsoft-standard-WSL2", {}]
["2023-09-20T09:51:35.955", "DEBUG", "root", "load_file", 356, "Reading file: /var/lib/ubuntu-advantage/private/machine-token.json", {}]
["2023-09-20T09:51:35.960", "DEBUG", "uaclient.files.files", "read", 55, "File does not exist: /var/lib/ubuntu-advantage/private/machine-token.json", {}]
["2023-09-20T09:51:35.971", "DEBUG", "root", "load_file", 356, "Reading file: /var/lib/ubuntu-advantage/status.json", {}]
["2023-09-20T09:51:35.978", "DEBUG", "root", "load_file", 356, "Reading file: /var/lib/ubuntu-advantage/private/machine-token.json", {}]
["2023-09-20T09:51:35.978", "DEBUG", "uaclient.files.files", "read", 55, "File does not exist: /var/lib/ubuntu-advantage/private/machine-token.json", {}]
["2023-09-20T09:53:03.070", "DEBUG", "root", "load_file", 356, "Reading file: /run/ubuntu-advantage//aptnews.json", {}]
["2023-09-20T09:53:03.074", "DEBUG", "root", "fetch_and_process_apt_news", 185, "something went wrong while processing apt_news: FileNotFoundError(2, 'No such file or directory')", {}]
["2023-09-20T09:54:16.198", "WARNING", "root", "update_esm_caches", 744, "Failed to fetch the ESM Apt Cache", {}]
["2023-09-20T09:59:32.072", "DEBUG", "root", "load_file", 356, "Reading file: /etc/os-release", {}]
["2023-09-20T09:59:32.076", "DEBUG", "root", "load_file", 356, "Reading file: /proc/version_signature", {}]
["2023-09-20T09:59:32.077", "WARNING", "root", "get_kernel_info", 66, "failed to process /proc/version_signature.", {}]
["2023-09-20T09:59:32.078", "WARNING", "root", "get_kernel_info", 71, "Failed to parse kernel: 5.15.90.1-microsoft-standard-WSL2", {}]
["2023-09-20T09:59:32.099", "DEBUG", "root", "load_file", 356, "Reading file: /var/lib/ubuntu-advantage/private/machine-token.json", {}]
["2023-09-20T09:59:32.103", "DEBUG", "uaclient.files.files", "read", 55, "File does not exist: /var/lib/ubuntu-advantage/private/machine-token.json", {}]
["2023-09-20T09:59:32.105", "DEBUG", "root", "load_file", 356, "Reading file: /var/lib/ubuntu-advantage/status.json", {}]
["2023-09-20T09:59:32.111", "DEBUG", "root", "load_file", 356, "Reading file: /var/lib/ubuntu-advantage/private/machine-token.json", {}]
["2023-09-20T09:59:32.112", "DEBUG", "uaclient.files.files", "read", 55, "File does not exist: /var/lib/ubuntu-advantage/private/machine-token.json", {}]
["2023-09-20T10:00:59.224", "DEBUG", "root", "load_file", 356, "Reading file: /run/ubuntu-advantage//aptnews.json", {}]
["2023-09-20T10:00:59.226", "DEBUG", "root", "fetch_and_process_apt_news", 185, "something went wrong while processing apt_news: FileNotFoundError(2, 'No such file or directory')", {}]
["2023-09-20T10:02:12.331", "WARNING", "root", "update_esm_caches", 744, "Failed to fetch the ESM Apt Cache", {}]
